G:\Code\repos\projects\StatCalc\statcalc\dist\out-tsc\src\app\app.component.js
G:\Code\repos\projects\StatCalc\statcalc\dist\out-tsc\src\app\app.component.js.map
G:\Code\repos\projects\StatCalc\statcalc\dist\out-tsc\src\app\stats.js
G:\Code\repos\projects\StatCalc\statcalc\dist\out-tsc\src\app\stats.js.map
G:\Code\repos\projects\StatCalc\statcalc\dist\out-tsc\src\app\stats\stats.component.js
G:\Code\repos\projects\StatCalc\statcalc\dist\out-tsc\src\app\stats\stats.component.js.map
G:\Code\repos\projects\StatCalc\statcalc\dist\out-tsc\src\app\card.js
G:\Code\repos\projects\StatCalc\statcalc\dist\out-tsc\src\app\card.js.map
G:\Code\repos\projects\StatCalc\statcalc\dist\out-tsc\src\app\cards\cards.component.js
G:\Code\repos\projects\StatCalc\statcalc\dist\out-tsc\src\app\cards\cards.component.js.map
G:\Code\repos\projects\StatCalc\statcalc\dist\out-tsc\src\app\app.module.js
G:\Code\repos\projects\StatCalc\statcalc\dist\out-tsc\src\app\app.module.js.map
G:\Code\repos\projects\StatCalc\statcalc\dist\out-tsc\src\environments\environment.js
G:\Code\repos\projects\StatCalc\statcalc\dist\out-tsc\src\environments\environment.js.map
G:\Code\repos\projects\StatCalc\statcalc\dist\out-tsc\src\main.js
G:\Code\repos\projects\StatCalc\statcalc\dist\out-tsc\src\main.js.map
G:\Code\repos\projects\StatCalc\statcalc\dist\out-tsc\src\polyfills.js
G:\Code\repos\projects\StatCalc\statcalc\dist\out-tsc\src\polyfills.js.map
G:\Code\repos\projects\StatCalc\statcalc\dist\out-tsc\src\test.js
G:\Code\repos\projects\StatCalc\statcalc\dist\out-tsc\src\test.js.map
G:\Code\repos\projects\StatCalc\statcalc\dist\out-tsc\e2e\src\app.po.js
G:\Code\repos\projects\StatCalc\statcalc\dist\out-tsc\e2e\src\app.po.js.map
G:\Code\repos\projects\StatCalc\statcalc\dist\out-tsc\e2e\src\app.e2e-spec.js
G:\Code\repos\projects\StatCalc\statcalc\dist\out-tsc\e2e\src\app.e2e-spec.js.map
G:\Code\repos\projects\StatCalc\statcalc\dist\out-tsc\src\app\app.component.spec.js
G:\Code\repos\projects\StatCalc\statcalc\dist\out-tsc\src\app\app.component.spec.js.map
G:\Code\repos\projects\StatCalc\statcalc\dist\out-tsc\src\environments\environment.prod.js
G:\Code\repos\projects\StatCalc\statcalc\dist\out-tsc\src\environments\environment.prod.js.map
G:\Code\repos\projects\StatCalc\statcalc\dist\out-tsc\src\app\cards\cards.component.spec.js
G:\Code\repos\projects\StatCalc\statcalc\dist\out-tsc\src\app\cards\cards.component.spec.js.map
G:\Code\repos\projects\StatCalc\statcalc\dist\out-tsc\src\app\stats\stats.component.spec.js
G:\Code\repos\projects\StatCalc\statcalc\dist\out-tsc\src\app\stats\stats.component.spec.js.map
