C:\Projects_test\MFF\StatCalc\StatCalc\dist\out-tsc\src\app\app.component.js
C:\Projects_test\MFF\StatCalc\StatCalc\dist\out-tsc\src\app\app.component.js.map
C:\Projects_test\MFF\StatCalc\StatCalc\dist\out-tsc\src\app\stats.js
C:\Projects_test\MFF\StatCalc\StatCalc\dist\out-tsc\src\app\stats.js.map
C:\Projects_test\MFF\StatCalc\StatCalc\dist\out-tsc\src\app\stats\stats.component.js
C:\Projects_test\MFF\StatCalc\StatCalc\dist\out-tsc\src\app\stats\stats.component.js.map
C:\Projects_test\MFF\StatCalc\StatCalc\dist\out-tsc\src\app\card.js
C:\Projects_test\MFF\StatCalc\StatCalc\dist\out-tsc\src\app\card.js.map
C:\Projects_test\MFF\StatCalc\StatCalc\dist\out-tsc\src\app\cards\cards.component.js
C:\Projects_test\MFF\StatCalc\StatCalc\dist\out-tsc\src\app\cards\cards.component.js.map
C:\Projects_test\MFF\StatCalc\StatCalc\dist\out-tsc\src\app\app.module.js
C:\Projects_test\MFF\StatCalc\StatCalc\dist\out-tsc\src\app\app.module.js.map
C:\Projects_test\MFF\StatCalc\StatCalc\dist\out-tsc\src\environments\environment.js
C:\Projects_test\MFF\StatCalc\StatCalc\dist\out-tsc\src\environments\environment.js.map
C:\Projects_test\MFF\StatCalc\StatCalc\dist\out-tsc\src\main.js
C:\Projects_test\MFF\StatCalc\StatCalc\dist\out-tsc\src\main.js.map
C:\Projects_test\MFF\StatCalc\StatCalc\dist\out-tsc\src\polyfills.js
C:\Projects_test\MFF\StatCalc\StatCalc\dist\out-tsc\src\polyfills.js.map
C:\Projects_test\MFF\StatCalc\StatCalc\dist\out-tsc\src\test.js
C:\Projects_test\MFF\StatCalc\StatCalc\dist\out-tsc\src\test.js.map
C:\Projects_test\MFF\StatCalc\StatCalc\dist\out-tsc\e2e\src\app.po.js
C:\Projects_test\MFF\StatCalc\StatCalc\dist\out-tsc\e2e\src\app.po.js.map
C:\Projects_test\MFF\StatCalc\StatCalc\dist\out-tsc\e2e\src\app.e2e-spec.js
C:\Projects_test\MFF\StatCalc\StatCalc\dist\out-tsc\e2e\src\app.e2e-spec.js.map
C:\Projects_test\MFF\StatCalc\StatCalc\dist\out-tsc\src\app\app.component.spec.js
C:\Projects_test\MFF\StatCalc\StatCalc\dist\out-tsc\src\app\app.component.spec.js.map
C:\Projects_test\MFF\StatCalc\StatCalc\dist\out-tsc\src\environments\environment.prod.js
C:\Projects_test\MFF\StatCalc\StatCalc\dist\out-tsc\src\environments\environment.prod.js.map
C:\Projects_test\MFF\StatCalc\StatCalc\dist\out-tsc\src\app\cards\cards.component.spec.js
C:\Projects_test\MFF\StatCalc\StatCalc\dist\out-tsc\src\app\cards\cards.component.spec.js.map
C:\Projects_test\MFF\StatCalc\StatCalc\dist\out-tsc\src\app\stats\stats.component.spec.js
C:\Projects_test\MFF\StatCalc\StatCalc\dist\out-tsc\src\app\stats\stats.component.spec.js.map
